<?xml version="1.0" encoding="UTF-8"?>
<!-- Generated by org.testng.reporters.JUnitReportReporter -->
<testsuite hostname="DESKTOP-CRROSSJ" failures="0" tests="1" name="com.automationpractice_test1.Searchtest1" time="7.970" errors="0" timestamp="2023-06-06T11:59:11 BST" skipped="0">
  <testcase classname="com.automationpractice_test1.Searchtest1" name="searchtest" time="7.970"/>
  <system-out/>
</testsuite> <!-- com.automationpractice_test1.Searchtest1 -->
