<?xml version="1.0" encoding="UTF-8"?>
<!-- Generated by org.testng.reporters.JUnitReportReporter -->
<testsuite hostname="DESKTOP-CRROSSJ" failures="0" tests="1" name="com.automationpractice_test1.Searchtest1" time="31.761" errors="0" timestamp="2023-06-10T19:51:54 BST" skipped="0">
  <testcase classname="com.automationpractice_test1.Searchtest1" name="searchtest" time="31.761"/>
  <system-out/>
</testsuite> <!-- com.automationpractice_test1.Searchtest1 -->
